<?xml version="1.0" encoding="UTF-8"?>
<testsuite name="com.mgh.edd.hellogradle.AppTest" tests="1" skipped="0" failures="0" errors="0" timestamp="2022-02-27T12:29:51" hostname="priscila-Aspire-E5-573G" time="0.003">
  <properties/>
  <testcase name="appHasAGreeting" classname="com.mgh.edd.hellogradle.AppTest" time="0.003"/>
  <system-out><![CDATA[]]></system-out>
  <system-err><![CDATA[]]></system-err>
</testsuite>
